#
# There is insufficient memory for the Java Runtime Environment to continue.
# Native memory allocation (malloc) failed to allocate 32744 bytes for ChunkPool::allocate
# Possible reasons:
#   The system is out of physical RAM or swap space
#   In 32 bit mode, the process size limit was hit
# Possible solutions:
#   Reduce memory load on the system
#   Increase physical memory or swap space
#   Check if swap backing store is full
#   Use 64 bit Java on a 64 bit OS
#   Decrease Java heap size (-Xmx/-Xms)
#   Decrease number of Java threads
#   Decrease Java thread stack sizes (-Xss)
#   Set larger code cache with -XX:ReservedCodeCacheSize=
# This output file may be truncated or incomplete.
#
#  Out of Memory Error (allocation.cpp:273), pid=211260, tid=0x0000000000033994
#
# JRE version: Java(TM) SE Runtime Environment (8.0_144-b01) (build 1.8.0_144-b01)
# Java VM: Java HotSpot(TM) 64-Bit Server VM (25.144-b01 mixed mode windows-amd64 compressed oops)
# Failed to write core dump. Minidumps are not enabled by default on client versions of Windows
#

---------------  T H R E A D  ---------------

Current thread (0x0000000016232800):  JavaThread "C2 CompilerThread1" daemon [_thread_in_native, id=211348, stack(0x0000000017980000,0x0000000017a80000)]

Stack: [0x0000000017980000,0x0000000017a80000]
[error occurred during error reporting (printing stack bounds), id 0xc0000005]

Native frames: (J=compiled Java code, j=interpreted, Vv=VM code, C=native code)


Current CompileTask:
C2:3086052 19102       4       com.android.tools.r8.ir.conversion.JarSourceCode::buildInstruction (99 bytes)


---------------  P R O C E S S  ---------------

Java Threads: ( => current thread )
  0x000000001df90000 JavaThread "pool-48-thread-2" [_thread_in_vm, id=208452, stack(0x0000000030270000,0x0000000030370000)]
  0x000000001df8d000 JavaThread "pool-48-thread-1" [_thread_in_Java, id=213272, stack(0x0000000030170000,0x0000000030270000)]
  0x000000001df90800 JavaThread "ForkJoinPool.commonPool-worker-0" daemon [_thread_blocked, id=159808, stack(0x000000002ac70000,0x000000002ad70000)]
  0x000000001df87800 JavaThread "ForkJoinPool.commonPool-worker-3" daemon [_thread_blocked, id=152272, stack(0x000000002ab70000,0x000000002ac70000)]
  0x000000001df89000 JavaThread "ForkJoinPool.commonPool-worker-2" daemon [_thread_in_vm, id=212400, stack(0x000000002aa70000,0x000000002ab70000)]
  0x000000001df8e800 JavaThread "Cache worker for Java compile cache (E:\@PRACTICE\android\CountDownTimer\.gradle\4.4\javaCompile)" [_thread_blocked, id=209216, stack(0x000000002a970000,0x000000002aa70000)]
  0x000000001ad21800 JavaThread "Task worker for ':' Thread 3" [_thread_blocked, id=209248, stack(0x0000000028e70000,0x0000000028f70000)]
  0x000000001ad20000 JavaThread "Task worker for ':' Thread 2" [_thread_blocked, id=204228, stack(0x0000000028d70000,0x0000000028e70000)]
  0x000000001ad1f000 JavaThread "Task worker for ':'" [_thread_blocked, id=208064, stack(0x0000000028c70000,0x0000000028d70000)]
  0x000000001ad1e800 JavaThread "Cache worker for Build Output Cleanup Cache (E:\@PRACTICE\android\CountDownTimer\.gradle\buildOutputCleanup)" [_thread_blocked, id=209484, stack(0x0000000028b70000,0x0000000028c70000)]
  0x000000001ad22000 JavaThread "Cache worker for task history cache (E:\@PRACTICE\android\CountDownTimer\.gradle\4.4\taskHistory)" [_thread_blocked, id=183744, stack(0x0000000028a70000,0x0000000028b70000)]
  0x000000001ad1d800 JavaThread "Cache worker for file content cache (E:\@PRACTICE\android\CountDownTimer\.gradle\4.4\fileContent)" [_thread_blocked, id=201552, stack(0x0000000028970000,0x0000000028a70000)]
  0x000000001ad15800 JavaThread "build operations Thread 4" [_thread_blocked, id=207916, stack(0x0000000028870000,0x0000000028970000)]
  0x000000001ad1c000 JavaThread "build operations Thread 3" [_thread_blocked, id=212240, stack(0x0000000028770000,0x0000000028870000)]
  0x000000001ad18800 JavaThread "build operations Thread 2" [_thread_blocked, id=209656, stack(0x0000000028670000,0x0000000028770000)]
  0x000000001ad14800 JavaThread "build operations" [_thread_blocked, id=208568, stack(0x0000000028570000,0x0000000028670000)]
  0x000000001ad1b800 JavaThread "Cache worker for Artifact transforms cache (C:\Users\Lenovo\.gradle\caches\transforms-1)" [_thread_blocked, id=208644, stack(0x0000000028470000,0x0000000028570000)]
  0x000000001ad1a000 JavaThread "Cache worker for file hash cache (E:\@PRACTICE\android\CountDownTimer\.gradle\4.4\fileHashes)" [_thread_blocked, id=212188, stack(0x0000000028370000,0x0000000028470000)]
  0x000000001ad16000 JavaThread "Stdin handler" [_thread_blocked, id=208304, stack(0x0000000028270000,0x0000000028370000)]
  0x000000001ad19000 JavaThread "Asynchronous log dispatcher for DefaultDaemonConnection: socket connection from /127.0.0.1:52015 to /127.0.0.1:52251" [_thread_blocked, id=197020, stack(0x0000000028170000,0x0000000028270000)]
  0x000000001ad14000 JavaThread "Daemon worker Thread 3" [_thread_blocked, id=212888, stack(0x0000000028070000,0x0000000028170000)]
  0x000000001ad17800 JavaThread "Cancel handler" [_thread_blocked, id=208056, stack(0x0000000027f70000,0x0000000028070000)]
  0x000000001ad1a800 JavaThread "Handler for socket connection from /127.0.0.1:52015 to /127.0.0.1:52251" [_thread_in_native, id=209540, stack(0x0000000027e70000,0x0000000027f70000)]
  0x000000001ad13000 JavaThread "Daemon Thread 3" [_thread_blocked, id=209764, stack(0x0000000027d70000,0x0000000027e70000)]
  0x000000001ad1d000 JavaThread "Java2D Disposer" daemon [_thread_blocked, id=214052, stack(0x0000000026d70000,0x0000000026e70000)]
  0x000000001df8d800 JavaThread "Memory manager" [_thread_blocked, id=211944, stack(0x0000000020ac0000,0x0000000020bc0000)]
  0x000000001df8c000 JavaThread "pool-1-thread-1" [_thread_blocked, id=208184, stack(0x00000000207c0000,0x00000000208c0000)]
  0x000000001944b800 JavaThread "File lock request listener" [_thread_in_native, id=211576, stack(0x000000001bda0000,0x000000001bea0000)]
  0x0000000019445000 JavaThread "Cache worker for file hash cache (C:\Users\Lenovo\.gradle\caches\4.4\fileHashes)" [_thread_blocked, id=206216, stack(0x000000001bca0000,0x000000001bda0000)]
  0x000000001930e800 JavaThread "Daemon periodic checks" [_thread_blocked, id=211876, stack(0x000000001a1d0000,0x000000001a2d0000)]
  0x0000000019309000 JavaThread "Incoming local TCP Connector on port 52015" [_thread_in_native, id=211524, stack(0x0000000019f90000,0x000000001a090000)]
  0x000000001924a800 JavaThread "Daemon health stats" [_thread_blocked, id=211148, stack(0x0000000019950000,0x0000000019a50000)]
  0x0000000017a85800 JavaThread "Service Thread" daemon [_thread_blocked, id=210820, stack(0x0000000017f80000,0x0000000018080000)]
  0x0000000017a80800 JavaThread "C1 CompilerThread2" daemon [_thread_in_native_trans, id=210544, stack(0x0000000017e80000,0x0000000017f80000)]
=>0x0000000016232800 JavaThread "C2 CompilerThread1" daemon [_thread_in_native, id=211348, stack(0x0000000017980000,0x0000000017a80000)]
  0x000000001622e800 JavaThread "C2 CompilerThread0" daemon [_thread_in_native, id=211668, stack(0x0000000017880000,0x0000000017980000)]
  0x000000001622d000 JavaThread "Attach Listener" daemon [_thread_blocked, id=211612, stack(0x0000000017780000,0x0000000017880000)]
  0x000000001622c000 JavaThread "Signal Dispatcher" daemon [_thread_blocked, id=211368, stack(0x0000000017680000,0x0000000017780000)]
  0x0000000016219000 JavaThread "Finalizer" daemon [_thread_blocked, id=211264, stack(0x0000000017490000,0x0000000017590000)]
  0x00000000028b1000 JavaThread "Reference Handler" daemon [_thread_blocked, id=211764, stack(0x0000000017390000,0x0000000017490000)]
  0x00000000027bd800 JavaThread "main" [_thread_blocked, id=207912, stack(0x00000000026b0000,0x00000000027b0000)]

Other Threads:
  0x00000000161f7800 VMThread [stack: 0x0000000017290000,0x0000000017390000] [id=210736]
  0x0000000017a9d000 WatcherThread [stack: 0x0000000018080000,0x0000000018180000] [id=211768]

VM state:not at safepoint (normal execution)

VM Mutex/Monitor currently owned by a thread:  ([mutex/lock_event])
[0x00000000027bc2e0] CodeCache_lock - owner thread: 0x0000000000000000

Heap:
 PSYoungGen      total 277504K, used 79706K [0x00000000e0000000, 0x00000000f2b00000, 0x0000000100000000)
  eden space 259072K, 30% used [0x00000000e0000000,0x00000000e4d48258,0x00000000efd00000)
  from space 18432K, 3% used [0x00000000f1900000,0x00000000f198e678,0x00000000f2b00000)
  to   space 23552K, 0% used [0x00000000efd00000,0x00000000efd00000,0x00000000f1400000)
 ParOldGen       total 128000K, used 87169K [0x00000000a0000000, 0x00000000a7d00000, 0x00000000e0000000)
  object space 128000K, 68% used [0x00000000a0000000,0x00000000a55205a8,0x00000000a7d00000)
 Metaspace       used 89737K, capacity 93554K, committed 93696K, reserved 1130496K
  class space    used 11619K, capacity 12460K, committed 12544K, reserved 1048576K

Card table byte_map: [0x0000000011c80000,0x0000000011f90000] byte_map_base: 0x0000000011780000

Marking Bits: (ParMarkBitMap*) 0x00000000778ed850
 Begin Bits: [0x0000000012590000, 0x0000000013d90000)
 End Bits:   [0x0000000013d90000, 0x0000000015590000)

Polling page: 0x0000000000d20000

CodeCache: size=245760Kb used=53852Kb max_used=54343Kb free=191907Kb
 bounds [0x00000000028c0000, 0x0000000005e20000, 0x00000000118c0000]
 total_blobs=16535 nmethods=15573 adapters=871
 compilation: enabled

Compilation events (10 events):
Event: 3085.399 Thread 0x0000000017a80800 nmethod 19238 0x000000000555ef10 code [0x000000000555f0e0, 0x000000000555f538]
Event: 3085.452 Thread 0x0000000017a80800 19239       2       com.android.tools.r8.code.SubInt::collectIndexedItems (6 bytes)
Event: 3085.452 Thread 0x0000000017a80800 nmethod 19239 0x00000000051f2b50 code [0x00000000051f2ca0, 0x00000000051f2df0]
Event: 3085.456 Thread 0x0000000017a80800 19240       2       com.android.tools.r8.code.SubInt::write (7 bytes)
Event: 3085.456 Thread 0x0000000017a80800 nmethod 19240 0x000000000555ea90 code [0x000000000555ec00, 0x000000000555ee18]
Event: 3085.520 Thread 0x0000000017a80800 19241       1       com.android.tools.r8.BaseCommand$Builder::getReporter (5 bytes)
Event: 3085.520 Thread 0x0000000017a80800 nmethod 19241 0x0000000005ae0410 code [0x0000000005ae0560, 0x0000000005ae0670]
Event: 3085.526 Thread 0x0000000017a80800 19242       2       com.android.tools.r8.org.objectweb.asm.MethodVisitor::visitTryCatchBlock (20 bytes)
Event: 3085.526 Thread 0x0000000017a80800 nmethod 19242 0x00000000059b7950 code [0x00000000059b7ac0, 0x00000000059b7c48]
Event: 3085.532 Thread 0x0000000017a80800 19243       2       com.android.tools.r8.graph.ClassAccessFlags::areValid (84 bytes)

GC Heap History (10 events):
Event: 3074.770 GC heap before
{Heap before GC invocations=25 (full 3):
 PSYoungGen      total 282624K, used 261728K [0x00000000e0000000, 0x00000000f2b00000, 0x0000000100000000)
  eden space 259072K, 100% used [0x00000000e0000000,0x00000000efd00000,0x00000000efd00000)
  from space 23552K, 11% used [0x00000000efd00000,0x00000000eff98030,0x00000000f1400000)
  to   space 18432K, 0% used [0x00000000f1900000,0x00000000f1900000,0x00000000f2b00000)
 ParOldGen       total 128000K, used 56876K [0x00000000a0000000, 0x00000000a7d00000, 0x00000000e0000000)
  object space 128000K, 44% used [0x00000000a0000000,0x00000000a378b250,0x00000000a7d00000)
 Metaspace       used 82957K, capacity 86192K, committed 86400K, reserved 1124352K
  class space    used 10792K, capacity 11555K, committed 11648K, reserved 1048576K
Event: 3074.817 GC heap after
Heap after GC invocations=25 (full 3):
 PSYoungGen      total 277504K, used 18420K [0x00000000e0000000, 0x00000000f2b00000, 0x0000000100000000)
  eden space 259072K, 0% used [0x00000000e0000000,0x00000000e0000000,0x00000000efd00000)
  from space 18432K, 99% used [0x00000000f1900000,0x00000000f2afd240,0x00000000f2b00000)
  to   space 23552K, 0% used [0x00000000efd00000,0x00000000efd00000,0x00000000f1400000)
 ParOldGen       total 128000K, used 61876K [0x00000000a0000000, 0x00000000a7d00000, 0x00000000e0000000)
  object space 128000K, 48% used [0x00000000a0000000,0x00000000a3c6d1f0,0x00000000a7d00000)
 Metaspace       used 82957K, capacity 86192K, committed 86400K, reserved 1124352K
  class space    used 10792K, capacity 11555K, committed 11648K, reserved 1048576K
}
Event: 3078.597 GC heap before
{Heap before GC invocations=26 (full 3):
 PSYoungGen      total 277504K, used 277492K [0x00000000e0000000, 0x00000000f2b00000, 0x0000000100000000)
  eden space 259072K, 100% used [0x00000000e0000000,0x00000000efd00000,0x00000000efd00000)
  from space 18432K, 99% used [0x00000000f1900000,0x00000000f2afd240,0x00000000f2b00000)
  to   space 23552K, 0% used [0x00000000efd00000,0x00000000efd00000,0x00000000f1400000)
 ParOldGen       total 128000K, used 61876K [0x00000000a0000000, 0x00000000a7d00000, 0x00000000e0000000)
  object space 128000K, 48% used [0x00000000a0000000,0x00000000a3c6d1f0,0x00000000a7d00000)
 Metaspace       used 88438K, capacity 91956K, committed 92160K, reserved 1128448K
  class space    used 11482K, capacity 12287K, committed 12288K, reserved 1048576K
Event: 3078.659 GC heap after
Heap after GC invocations=26 (full 3):
 PSYoungGen      total 282624K, used 7571K [0x00000000e0000000, 0x00000000f2b00000, 0x0000000100000000)
  eden space 259072K, 0% used [0x00000000e0000000,0x00000000e0000000,0x00000000efd00000)
  from space 23552K, 32% used [0x00000000efd00000,0x00000000f0464dd0,0x00000000f1400000)
  to   space 18432K, 0% used [0x00000000f1900000,0x00000000f1900000,0x00000000f2b00000)
 ParOldGen       total 128000K, used 78178K [0x00000000a0000000, 0x00000000a7d00000, 0x00000000e0000000)
  object space 128000K, 61% used [0x00000000a0000000,0x00000000a4c58860,0x00000000a7d00000)
 Metaspace       used 88438K, capacity 91956K, committed 92160K, reserved 1128448K
  class space    used 11482K, capacity 12287K, committed 12288K, reserved 1048576K
}
Event: 3080.491 GC heap before
{Heap before GC invocations=27 (full 3):
 PSYoungGen      total 282624K, used 266643K [0x00000000e0000000, 0x00000000f2b00000, 0x0000000100000000)
  eden space 259072K, 100% used [0x00000000e0000000,0x00000000efd00000,0x00000000efd00000)
  from space 23552K, 32% used [0x00000000efd00000,0x00000000f0464dd0,0x00000000f1400000)
  to   space 18432K, 0% used [0x00000000f1900000,0x00000000f1900000,0x00000000f2b00000)
 ParOldGen       total 128000K, used 78178K [0x00000000a0000000, 0x00000000a7d00000, 0x00000000e0000000)
  object space 128000K, 61% used [0x00000000a0000000,0x00000000a4c58860,0x00000000a7d00000)
 Metaspace       used 88737K, capacity 92272K, committed 92544K, reserved 1130496K
  class space    used 11522K, capacity 12325K, committed 12416K, reserved 1048576K
Event: 3080.545 GC heap after
Heap after GC invocations=27 (full 3):
 PSYoungGen      total 277504K, used 5888K [0x00000000e0000000, 0x00000000f2b00000, 0x0000000100000000)
  eden space 259072K, 0% used [0x00000000e0000000,0x00000000e0000000,0x00000000efd00000)
  from space 18432K, 31% used [0x00000000f1900000,0x00000000f1ec0040,0x00000000f2b00000)
  to   space 23552K, 0% used [0x00000000efd00000,0x00000000efd00000,0x00000000f1400000)
 ParOldGen       total 128000K, used 82174K [0x00000000a0000000, 0x00000000a7d00000, 0x00000000e0000000)
  object space 128000K, 64% used [0x00000000a0000000,0x00000000a503f910,0x00000000a7d00000)
 Metaspace       used 88737K, capacity 92272K, committed 92544K, reserved 1130496K
  class space    used 11522K, capacity 12325K, committed 12416K, reserved 1048576K
}
Event: 3083.016 GC heap before
{Heap before GC invocations=28 (full 3):
 PSYoungGen      total 277504K, used 264960K [0x00000000e0000000, 0x00000000f2b00000, 0x0000000100000000)
  eden space 259072K, 100% used [0x00000000e0000000,0x00000000efd00000,0x00000000efd00000)
  from space 18432K, 31% used [0x00000000f1900000,0x00000000f1ec0040,0x00000000f2b00000)
  to   space 23552K, 0% used [0x00000000efd00000,0x00000000efd00000,0x00000000f1400000)
 ParOldGen       total 128000K, used 82174K [0x00000000a0000000, 0x00000000a7d00000, 0x00000000e0000000)
  object space 128000K, 64% used [0x00000000a0000000,0x00000000a503f910,0x00000000a7d00000)
 Metaspace       used 89631K, capacity 93478K, committed 93696K, reserved 1130496K
  class space    used 11619K, capacity 12460K, committed 12544K, reserved 1048576K
Event: 3083.037 GC heap after
Heap after GC invocations=28 (full 3):
 PSYoungGen      total 282624K, used 4053K [0x00000000e0000000, 0x00000000f2b00000, 0x0000000100000000)
  eden space 259072K, 0% used [0x00000000e0000000,0x00000000e0000000,0x00000000efd00000)
  from space 23552K, 17% used [0x00000000efd00000,0x00000000f00f5780,0x00000000f1400000)
  to   space 18432K, 0% used [0x00000000f1900000,0x00000000f1900000,0x00000000f2b00000)
 ParOldGen       total 128000K, used 86744K [0x00000000a0000000, 0x00000000a7d00000, 0x00000000e0000000)
  object space 128000K, 67% used [0x00000000a0000000,0x00000000a54b6110,0x00000000a7d00000)
 Metaspace       used 89631K, capacity 93478K, committed 93696K, reserved 1130496K
  class space    used 11619K, capacity 12460K, committed 12544K, reserved 1048576K
}
Event: 3085.009 GC heap before
{Heap before GC invocations=29 (full 3):
 PSYoungGen      total 282624K, used 263125K [0x00000000e0000000, 0x00000000f2b00000, 0x0000000100000000)
  eden space 259072K, 100% used [0x00000000e0000000,0x00000000efd00000,0x00000000efd00000)
  from space 23552K, 17% used [0x00000000efd00000,0x00000000f00f5780,0x00000000f1400000)
  to   space 18432K, 0% used [0x00000000f1900000,0x00000000f1900000,0x00000000f2b00000)
 ParOldGen       total 128000K, used 86744K [0x00000000a0000000, 0x00000000a7d00000, 0x00000000e0000000)
  object space 128000K, 67% used [0x00000000a0000000,0x00000000a54b6110,0x00000000a7d00000)
 Metaspace       used 89715K, capacity 93554K, committed 93696K, reserved 1130496K
  class space    used 11619K, capacity 12460K, committed 12544K, reserved 1048576K
Event: 3085.024 GC heap after
Heap after GC invocations=29 (full 3):
 PSYoungGen      total 277504K, used 569K [0x00000000e0000000, 0x00000000f2b00000, 0x0000000100000000)
  eden space 259072K, 0% used [0x00000000e0000000,0x00000000e0000000,0x00000000efd00000)
  from space 18432K, 3% used [0x00000000f1900000,0x00000000f198e678,0x00000000f2b00000)
  to   space 23552K, 0% used [0x00000000efd00000,0x00000000efd00000,0x00000000f1400000)
 ParOldGen       total 128000K, used 87169K [0x00000000a0000000, 0x00000000a7d00000, 0x00000000e0000000)
  object space 128000K, 68% used [0x00000000a0000000,0x00000000a55205a8,0x00000000a7d00000)
 Metaspace       used 89715K, capacity 93554K, committed 93696K, reserved 1130496K
  class space    used 11619K, capacity 12460K, committed 12544K, reserved 1048576K
}

Deoptimization events (10 events):
Event: 3081.365 Thread 0x000000001df90800 Uncommon trap: reason=class_check action=maybe_recompile pc=0x000000000572ae84 method=com.android.apkzlib.zip.ZipField.checkVerifiesInvariants(J)V @ 25
Event: 3081.988 Thread 0x000000001df89000 Uncommon trap: reason=class_check action=maybe_recompile pc=0x000000000572ae84 method=com.android.apkzlib.zip.ZipField.checkVerifiesInvariants(J)V @ 25
Event: 3082.103 Thread 0x000000001df87800 Uncommon trap: reason=class_check action=maybe_recompile pc=0x000000000570e8cc method=com.android.apkzlib.zip.ZipField.checkVerifiesInvariants(J)V @ 25
Event: 3082.149 Thread 0x000000001df8a800 Uncommon trap: reason=unstable_if action=reinterpret pc=0x0000000004911b4c method=java.util.concurrent.ConcurrentHashMap.addCount(JI)V @ 272
Event: 3082.228 Thread 0x000000001df95000 Uncommon trap: reason=unstable_if action=reinterpret pc=0x0000000005dd76ac method=com.android.tools.r8.ir.regalloc.LinearScanRegisterAllocator.allocateSingleInterval(Lcom/android/tools/r8/ir/regalloc/LiveIntervals;Lcom/android/tools/r8/ir/regalloc/LinearS
Event: 3083.121 Thread 0x000000001df8d000 Uncommon trap: reason=unstable_if action=reinterpret pc=0x000000000565d6b4 method=java.util.concurrent.ConcurrentHashMap.initTable()[Ljava/util/concurrent/ConcurrentHashMap$Node; @ 6
Event: 3083.740 Thread 0x000000001944b000 Uncommon trap: reason=unstable_if action=reinterpret pc=0x0000000005b8a978 method=com.android.tools.r8.ir.conversion.JarState.mergeLocals([Lcom/android/tools/r8/ir/conversion/JarState$Local;[Lcom/android/tools/r8/ir/conversion/JarState$Local;)[Lcom/androi
Event: 3084.161 Thread 0x000000001df96000 Uncommon trap: reason=range_check action=make_not_entrant pc=0x0000000005dd7a80 method=com.android.tools.r8.org.objectweb.asm.Type.getType([CI)Lcom/android/tools/r8/org/objectweb/asm/Type; @ 2
Event: 3084.193 Thread 0x000000001df8a800 Uncommon trap: reason=unstable_if action=reinterpret pc=0x000000000504d4f8 method=java.util.concurrent.ConcurrentHashMap.transfer([Ljava/util/concurrent/ConcurrentHashMap$Node;[Ljava/util/concurrent/ConcurrentHashMap$Node;)V @ 351
Event: 3084.408 Thread 0x000000001df90000 Uncommon trap: reason=unstable_if action=reinterpret pc=0x00000000051e3c78 method=com.android.tools.r8.it.unimi.dsi.fastutil.ints.Int2ReferenceOpenHashMap$MapEntrySet.contains(Ljava/lang/Object;)Z @ 92

Internal exceptions (10 events):
Event: 3074.131 Thread 0x000000001ad21800 Exception <a 'sun/nio/fs/WindowsException'> (0x00000000ee10c678) thrown at [C:\re\workspace\8-2-build-windows-amd64-cygwin\jdk8u144\9417\hotspot\src\share\vm\prims\jni.cpp, line 709]
Event: 3074.144 Thread 0x000000001ad21800 Exception <a 'sun/nio/fs/WindowsException'> (0x00000000ee13f1b0) thrown at [C:\re\workspace\8-2-build-windows-amd64-cygwin\jdk8u144\9417\hotspot\src\share\vm\prims\jni.cpp, line 709]
Event: 3074.144 Thread 0x000000001ad21800 Exception <a 'sun/nio/fs/WindowsException'> (0x00000000ee13fd08) thrown at [C:\re\workspace\8-2-build-windows-amd64-cygwin\jdk8u144\9417\hotspot\src\share\vm\prims\jni.cpp, line 709]
Event: 3074.144 Thread 0x000000001ad21800 Exception <a 'sun/nio/fs/WindowsException'> (0x00000000ee141270) thrown at [C:\re\workspace\8-2-build-windows-amd64-cygwin\jdk8u144\9417\hotspot\src\share\vm\prims\jni.cpp, line 709]
Event: 3074.155 Thread 0x000000001ad21800 Exception <a 'sun/nio/fs/WindowsException'> (0x00000000ee18aa18) thrown at [C:\re\workspace\8-2-build-windows-amd64-cygwin\jdk8u144\9417\hotspot\src\share\vm\prims\jni.cpp, line 709]
Event: 3074.155 Thread 0x000000001ad21800 Exception <a 'sun/nio/fs/WindowsException'> (0x00000000ee18b570) thrown at [C:\re\workspace\8-2-build-windows-amd64-cygwin\jdk8u144\9417\hotspot\src\share\vm\prims\jni.cpp, line 709]
Event: 3074.155 Thread 0x000000001ad21800 Exception <a 'sun/nio/fs/WindowsException'> (0x00000000ee18cad8) thrown at [C:\re\workspace\8-2-build-windows-amd64-cygwin\jdk8u144\9417\hotspot\src\share\vm\prims\jni.cpp, line 709]
Event: 3075.905 Thread 0x000000001df96000 Implicit null exception at 0x00000000051cdd1c to 0x00000000051cdd71
Event: 3083.740 Thread 0x000000001944b000 Implicit null exception at 0x0000000005b88dfe to 0x0000000005b8a939
Event: 3085.523 Thread 0x000000001df89000 Exception <a 'java/lang/OutOfMemoryError'> (0x00000000e496d8f8) thrown at [C:\re\workspace\8-2-build-windows-amd64-cygwin\jdk8u144\9417\hotspot\src\share\vm\prims\jni.cpp, line 735]

Events (10 events):
Event: 3085.436 Thread 0x000000001df8a800 Thread exited: 0x000000001df8a800
Event: 3085.437 Thread 0x000000001df8d000 Thread exited: 0x000000001df8d000
Event: 3085.506 Thread 0x000000001df92000 Thread exited: 0x000000001df92000
Event: 3085.507 Thread 0x000000001df90000 Thread exited: 0x000000001df90000
Event: 3085.521 Thread 0x000000001df8d000 Thread added: 0x000000001df8d000
Event: 3085.521 Thread 0x000000001df90000 Thread added: 0x000000001df90000
Event: 3085.524 Thread 0x000000001df90000 DEOPT PACKING pc=0x000000000585dd3b sp=0x000000003036e7f0
Event: 3085.524 Thread 0x000000001df90000 DEOPT UNPACKING pc=0x000000000290787f sp=0x000000003036e578 mode 0
Event: 3085.530 Thread 0x000000001df90000 DEOPT PACKING pc=0x000000000585dd52 sp=0x000000003036e650
Event: 3085.530 Thread 0x000000001df90000 DEOPT UNPACKING pc=0x000000000290787f sp=0x000000003036e3d8 mode 0


Dynamic libraries:
0x00007ff693b90000 - 0x00007ff693bc7000 	C:\Program Files\Java\jdk1.8.0_144\bin\java.exe
0x00007ffae3f00000 - 0x00007ffae40e1000 	C:\WINDOWS\SYSTEM32\ntdll.dll
0x00007ffae2e40000 - 0x00007ffae2ef2000 	C:\WINDOWS\System32\KERNEL32.DLL
0x00007ffae0d70000 - 0x00007ffae0fe3000 	C:\WINDOWS\System32\KERNELBASE.dll
0x00007ffae2d90000 - 0x00007ffae2e31000 	C:\WINDOWS\System32\ADVAPI32.dll
0x00007ffae3c90000 - 0x00007ffae3d2e000 	C:\WINDOWS\System32\msvcrt.dll
0x00007ffae3d30000 - 0x00007ffae3d8b000 	C:\WINDOWS\System32\sechost.dll
0x00007ffae32a0000 - 0x00007ffae33c4000 	C:\WINDOWS\System32\RPCRT4.dll
0x00007ffae2f60000 - 0x00007ffae30f0000 	C:\WINDOWS\System32\USER32.dll
0x00007ffae0640000 - 0x00007ffae0660000 	C:\WINDOWS\System32\win32u.dll
0x00007ffae30f0000 - 0x00007ffae3118000 	C:\WINDOWS\System32\GDI32.dll
0x00007ffae0370000 - 0x00007ffae0502000 	C:\WINDOWS\System32\gdi32full.dll
0x00007ffae02d0000 - 0x00007ffae036f000 	C:\WINDOWS\System32\msvcp_win.dll
0x00007ffae0ff0000 - 0x00007ffae10ea000 	C:\WINDOWS\System32\ucrtbase.dll
0x00007ffacee30000 - 0x00007ffacf099000 	C:\WINDOWS\WinSxS\amd64_microsoft.windows.common-controls_6595b64144ccf1df_6.0.17134.228_none_fb4599993062b194\COMCTL32.dll
0x00007ffae33f0000 - 0x00007ffae3713000 	C:\WINDOWS\System32\combase.dll
0x00007ffae0510000 - 0x00007ffae058a000 	C:\WINDOWS\System32\bcryptPrimitives.dll
0x00007ffae18a0000 - 0x00007ffae18cd000 	C:\WINDOWS\System32\IMM32.DLL
0x0000000050030000 - 0x0000000050102000 	C:\Program Files\Java\jdk1.8.0_144\jre\bin\msvcr100.dll
0x00000000770d0000 - 0x000000007796d000 	C:\Program Files\Java\jdk1.8.0_144\jre\bin\server\jvm.dll
0x00007ffae17e0000 - 0x00007ffae17e8000 	C:\WINDOWS\System32\PSAPI.DLL
0x00007ffad78c0000 - 0x00007ffad78e3000 	C:\WINDOWS\SYSTEM32\WINMM.dll
0x00007ffadca10000 - 0x00007ffadca19000 	C:\WINDOWS\SYSTEM32\WSOCK32.dll
0x00007ffad8f80000 - 0x00007ffad8f8a000 	C:\WINDOWS\SYSTEM32\VERSION.dll
0x00007ffae3820000 - 0x00007ffae388c000 	C:\WINDOWS\System32\WS2_32.dll
0x00007ffad7890000 - 0x00007ffad78ba000 	C:\WINDOWS\SYSTEM32\WINMMBASE.dll
0x00007ffae10f0000 - 0x00007ffae1139000 	C:\WINDOWS\System32\cfgmgr32.dll
0x0000000052ec0000 - 0x0000000052ecf000 	C:\Program Files\Java\jdk1.8.0_144\jre\bin\verify.dll
0x0000000050970000 - 0x0000000050999000 	C:\Program Files\Java\jdk1.8.0_144\jre\bin\java.dll
0x0000000050010000 - 0x0000000050026000 	C:\Program Files\Java\jdk1.8.0_144\jre\bin\zip.dll
0x00007ffae18d0000 - 0x00007ffae2d10000 	C:\WINDOWS\System32\SHELL32.dll
0x00007ffae17f0000 - 0x00007ffae1899000 	C:\WINDOWS\System32\shcore.dll
0x00007ffae0660000 - 0x00007ffae0d6d000 	C:\WINDOWS\System32\windows.storage.dll
0x00007ffae2f00000 - 0x00007ffae2f51000 	C:\WINDOWS\System32\shlwapi.dll
0x00007ffae0290000 - 0x00007ffae02a1000 	C:\WINDOWS\System32\kernel.appcore.dll
0x00007ffae02b0000 - 0x00007ffae02cf000 	C:\WINDOWS\System32\profapi.dll
0x00007ffae0220000 - 0x00007ffae026c000 	C:\WINDOWS\System32\powrprof.dll
0x00007ffae0210000 - 0x00007ffae021a000 	C:\WINDOWS\System32\FLTLIB.DLL
0x0000000077fe0000 - 0x0000000077ffa000 	C:\Program Files\Java\jdk1.8.0_144\jre\bin\net.dll
0x00007ffadfa30000 - 0x00007ffadfa96000 	C:\WINDOWS\system32\mswsock.dll
0x0000000077fc0000 - 0x0000000077fd1000 	C:\Program Files\Java\jdk1.8.0_144\jre\bin\nio.dll
0x00007ffad4060000 - 0x00007ffad407e000 	C:\Users\Lenovo\.gradle\native\25\windows-amd64\native-platform.dll
0x0000000050000000 - 0x000000005000d000 	C:\Program Files\Java\jdk1.8.0_144\jre\bin\management.dll
0x00007ffadfbe0000 - 0x00007ffadfbf7000 	C:\WINDOWS\SYSTEM32\CRYPTSP.dll
0x00007ffadf610000 - 0x00007ffadf643000 	C:\WINDOWS\system32\rsaenh.dll
0x00007ffadfd10000 - 0x00007ffadfd35000 	C:\WINDOWS\SYSTEM32\bcrypt.dll
0x00007ffae0110000 - 0x00007ffae0138000 	C:\WINDOWS\SYSTEM32\USERENV.dll
0x00007ffadfc00000 - 0x00007ffadfc0b000 	C:\WINDOWS\SYSTEM32\CRYPTBASE.dll
0x00007ffadf7b0000 - 0x00007ffadf7e8000 	C:\WINDOWS\SYSTEM32\IPHLPAPI.DLL
0x00007ffae3ec0000 - 0x00007ffae3ec8000 	C:\WINDOWS\System32\NSI.dll
0x00007ffad95a0000 - 0x00007ffad95b6000 	C:\WINDOWS\SYSTEM32\dhcpcsvc6.DLL
0x00007ffad9580000 - 0x00007ffad959a000 	C:\WINDOWS\SYSTEM32\dhcpcsvc.DLL
0x0000000077f90000 - 0x0000000077fb4000 	C:\Program Files\Java\jdk1.8.0_144\jre\bin\sunec.dll
0x00007ffadf7f0000 - 0x00007ffadf8ae000 	C:\WINDOWS\SYSTEM32\DNSAPI.dll
0x00007ffad6060000 - 0x00007ffad606a000 	C:\Windows\System32\rasadhlp.dll
0x00007ffad66a0000 - 0x00007ffad6712000 	C:\WINDOWS\System32\fwpuclnt.dll
0x0000000077f80000 - 0x0000000077f8b000 	C:\Program Files\Java\jdk1.8.0_144\jre\bin\sunmscapi.dll
0x00007ffae1140000 - 0x00007ffae1322000 	C:\WINDOWS\System32\CRYPT32.dll
0x00007ffae0270000 - 0x00007ffae0282000 	C:\WINDOWS\System32\MSASN1.dll
0x0000000077de0000 - 0x0000000077f78000 	C:\Program Files\Java\jdk1.8.0_144\jre\bin\awt.dll
0x00007ffae3d90000 - 0x00007ffae3e52000 	C:\WINDOWS\System32\OLEAUT32.dll
0x00007ffade450000 - 0x00007ffade4db000 	C:\WINDOWS\SYSTEM32\apphelp.dll
0x00007ffadea60000 - 0x00007ffadea89000 	C:\WINDOWS\system32\DWMAPI.DLL
0x00007ffade720000 - 0x00007ffade7b8000 	C:\WINDOWS\system32\uxtheme.dll
0x0000000077db0000 - 0x0000000077dda000 	C:\Program Files\Java\jdk1.8.0_144\jre\bin\dcpr.dll

VM Arguments:
jvm_args: -Xmx1536m -Dfile.encoding=windows-1252 -Duser.country=IN -Duser.language=en -Duser.variant 
java_command: org.gradle.launcher.daemon.bootstrap.GradleDaemon 4.4
java_class_path (initial): C:\Users\Lenovo\.gradle\wrapper\dists\gradle-4.4-all\9br9xq1tocpiv8o6njlyu5op1\gradle-4.4\lib\gradle-launcher-4.4.jar
Launcher Type: SUN_STANDARD

Environment Variables:
CLASSPATH=C:\Program Files\Java\jre1.8.0_144\lib\ext
PATH=C:\ProgramData\Oracle\Java\javapath;C:\Windows\system32;C:\Windows;C:\Windows\System32\Wbem;C:\Windows\System32\WindowsPowerShell\v1.0\;C:\Program Files (x86)\NVIDIA Corporation\PhysX\Common;C:\Program Files (x86)\Skype\Phone\;C:\WINDOWS\system32;C:\WINDOWS;C:\WINDOWS\System32\Wbem;C:\WINDOWS\System32\WindowsPowerShell\v1.0\;C:\Program Files\Cloud Foundry;C:\Program Files (x86)\GtkSharp\2.12\bin;C:\Program Files\nodejs\;C:\Program Files\Git\cmd;C:\Python27\;C:\WINDOWS\System32\OpenSSH\;C:\Users\Lenovo\Anaconda3;C:\Users\Lenovo\Anaconda3\Library\mingw-w64\bin;C:\Users\Lenovo\Anaconda3\Library\usr\bin;C:\Users\Lenovo\Anaconda3\Library\bin;C:\Users\Lenovo\Anaconda3\Scripts;C:\Users\Lenovo\AppData\Local\Programs\Python\Python37\Scripts\;C:\Users\Lenovo\AppData\Local\Programs\Python\Python37\;C:\flutter\bin;C:\Users\Lenovo\AppData\Local\Android\sdk\platform-tools;C:\Users\Lenovo\AppData\Local\atom\bin;%USERPROFILE%\AppData\Local\Microsoft\WindowsApps;
USERNAME=MiLaN
OS=Windows_NT
PROCESSOR_IDENTIFIER=Intel64 Family 6 Model 142 Stepping 9, GenuineIntel



---------------  S Y S T E M  ---------------

OS: Windows 10.0 , 64 bit Build 17134 (10.0.17134.1)

CPU:total 4 (initial active 4) (2 cores per cpu, 2 threads per core) family 6 model 142 stepping 9, cmov, cx8, fxsr, mmx, sse, sse2, sse3, ssse3, sse4.1, sse4.2, popcnt, avx, avx2, aes, clmul, erms, 3dnowpref, lzcnt, ht, tsc, tscinvbit, bmi1, bmi2, adx

Memory: 4k page, physical 8286436k(1056640k free), swap 10239204k(1952k free)

vm_info: Java HotSpot(TM) 64-Bit Server VM (25.144-b01) for windows-amd64 JRE (1.8.0_144-b01), built on Jul 21 2017 21:57:33 by "java_re" with MS VC++ 10.0 (VS2010)

time: Sun Sep 02 11:52:18 2018
elapsed time: 3085 seconds (0d 0h 51m 25s)

